<?xml version="1.0" encoding="UTF-8"?>
<!-- Generated by org.testng.reporters.JUnitXMLReporter -->
<testsuite ignored="1" hostname="DESKTOP-6JFRVIK" failures="0" tests="13" name="Test" time="35.54" errors="0" timestamp="24 Jan 2024 10:44:06 GMT">
  <testcase classname="org.sam.A" name="tc4" time="0.009"/>
  <testcase classname="org.sam.A" name="tc3" time="0.001"/>
  <testcase classname="org.sam.SampleTest" name="tc9" time="7.392"/>
  <testcase classname="org.sam.SampleTest" name="tc2" time="13.09"/>
  <testcase classname="org.sam.SampleTest" name="tc2" time="5.288"/>
  <testcase classname="org.sam.SampleTest" name="tc2" time="4.834"/>
  <testcase classname="org.sam.A" name="tc5" time="0.002"/>
  <testcase classname="org.sam.A" name="tc6" time="0.002"/>
  <testcase classname="org.sam.B" name="tc11" time="0.001"/>
  <testcase classname="org.sam.B" name="tc22" time="0.001"/>
  <testcase classname="org.sam.B" name="tc33" time="0.002"/>
  <testcase classname="org.sam.A" name="tc2" time="0.001"/>
  <testcase classname="org.sam.A" name="tc1" time="0.001"/>
  <testcase classname="org.sam.SampleTest" name="tc4" time="0.0">
    <ignored/>
  </testcase> <!-- tc4 -->
</testsuite> <!-- Test -->
