<?xml version="1.0" encoding="UTF-8"?>
<testng-results ignored="1" total="14" passed="13" failed="0" skipped="0">
  <reporter-output>
  </reporter-output>
  <suite started-at="2024-01-24T10:43:30Z" name="Suite" finished-at="2024-01-24T10:44:06Z" duration-ms="35540">
    <groups>
    </groups>
    <test started-at="2024-01-24T10:43:30Z" name="Test" finished-at="2024-01-24T10:44:06Z" duration-ms="35540">
      <class name="org.sam.SampleTest">
        <test-method is-config="true" signature="launchTheBrowser()[pri:0, instance:org.sam.SampleTest@77128536]" started-at="2024-01-24T10:43:30Z" name="launchTheBrowser" finished-at="2024-01-24T10:43:34Z" duration-ms="3620" status="PASS">
          <reporter-output>
          </reporter-output>
        </test-method> <!-- launchTheBrowser -->
        <test-method is-config="true" signature="startDate()[pri:0, instance:org.sam.SampleTest@77128536]" started-at="2024-01-24T10:43:34Z" name="startDate" finished-at="2024-01-24T10:43:34Z" duration-ms="1" status="PASS">
          <reporter-output>
          </reporter-output>
        </test-method> <!-- startDate -->
        <test-method signature="tc9()[pri:0, instance:org.sam.SampleTest@77128536]" started-at="2024-01-24T10:43:34Z" name="tc9" finished-at="2024-01-24T10:43:41Z" duration-ms="7392" status="PASS">
          <reporter-output>
          </reporter-output>
        </test-method> <!-- tc9 -->
        <test-method is-config="true" signature="endDate()[pri:0, instance:org.sam.SampleTest@77128536]" started-at="2024-01-24T10:43:41Z" name="endDate" finished-at="2024-01-24T10:43:41Z" duration-ms="0" status="PASS">
          <reporter-output>
          </reporter-output>
        </test-method> <!-- endDate -->
        <test-method signature="tc2()[pri:0, instance:org.sam.SampleTest@77128536]" started-at="2024-01-24T10:43:41Z" name="tc2" finished-at="2024-01-24T10:43:54Z" duration-ms="13090" status="PASS">
          <reporter-output>
          </reporter-output>
        </test-method> <!-- tc2 -->
        <test-method is-config="true" signature="startDate()[pri:0, instance:org.sam.SampleTest@77128536]" started-at="2024-01-24T10:43:41Z" name="startDate" finished-at="2024-01-24T10:43:41Z" duration-ms="0" status="PASS">
          <reporter-output>
          </reporter-output>
        </test-method> <!-- startDate -->
        <test-method is-config="true" signature="endDate()[pri:0, instance:org.sam.SampleTest@77128536]" started-at="2024-01-24T10:43:54Z" name="endDate" finished-at="2024-01-24T10:43:54Z" duration-ms="0" status="PASS">
          <reporter-output>
          </reporter-output>
        </test-method> <!-- endDate -->
        <test-method signature="tc2()[pri:0, instance:org.sam.SampleTest@77128536]" started-at="2024-01-24T10:43:54Z" name="tc2" finished-at="2024-01-24T10:44:00Z" duration-ms="5288" status="PASS">
          <reporter-output>
          </reporter-output>
        </test-method> <!-- tc2 -->
        <test-method is-config="true" signature="startDate()[pri:0, instance:org.sam.SampleTest@77128536]" started-at="2024-01-24T10:43:54Z" name="startDate" finished-at="2024-01-24T10:43:54Z" duration-ms="0" status="PASS">
          <reporter-output>
          </reporter-output>
        </test-method> <!-- startDate -->
        <test-method is-config="true" signature="endDate()[pri:0, instance:org.sam.SampleTest@77128536]" started-at="2024-01-24T10:44:00Z" name="endDate" finished-at="2024-01-24T10:44:00Z" duration-ms="0" status="PASS">
          <reporter-output>
          </reporter-output>
        </test-method> <!-- endDate -->
        <test-method is-config="true" signature="startDate()[pri:0, instance:org.sam.SampleTest@77128536]" started-at="2024-01-24T10:44:00Z" name="startDate" finished-at="2024-01-24T10:44:00Z" duration-ms="1" status="PASS">
          <reporter-output>
          </reporter-output>
        </test-method> <!-- startDate -->
        <test-method signature="tc2()[pri:0, instance:org.sam.SampleTest@77128536]" started-at="2024-01-24T10:44:00Z" name="tc2" finished-at="2024-01-24T10:44:04Z" duration-ms="4834" status="PASS">
          <reporter-output>
          </reporter-output>
        </test-method> <!-- tc2 -->
        <test-method is-config="true" signature="endDate()[pri:0, instance:org.sam.SampleTest@77128536]" started-at="2024-01-24T10:44:04Z" name="endDate" finished-at="2024-01-24T10:44:04Z" duration-ms="1" status="PASS">
          <reporter-output>
          </reporter-output>
        </test-method> <!-- endDate -->
        <test-method is-config="true" signature="closeTheBrowser()[pri:0, instance:org.sam.SampleTest@77128536]" started-at="2024-01-24T10:44:04Z" name="closeTheBrowser" finished-at="2024-01-24T10:44:06Z" duration-ms="1251" status="PASS">
          <reporter-output>
          </reporter-output>
        </test-method> <!-- closeTheBrowser -->
      </class> <!-- org.sam.SampleTest -->
      <class name="org.sam.B">
        <test-method signature="tc11()[pri:0, instance:org.sam.B@32c4e8b2]" started-at="2024-01-24T10:44:06Z" name="tc11" finished-at="2024-01-24T10:44:06Z" duration-ms="1" status="PASS">
          <reporter-output>
          </reporter-output>
        </test-method> <!-- tc11 -->
        <test-method signature="tc22()[pri:0, instance:org.sam.B@32c4e8b2]" started-at="2024-01-24T10:44:06Z" name="tc22" finished-at="2024-01-24T10:44:06Z" duration-ms="1" status="PASS">
          <reporter-output>
          </reporter-output>
        </test-method> <!-- tc22 -->
        <test-method signature="tc33()[pri:0, instance:org.sam.B@32c4e8b2]" started-at="2024-01-24T10:44:06Z" name="tc33" finished-at="2024-01-24T10:44:06Z" duration-ms="2" status="PASS">
          <reporter-output>
          </reporter-output>
        </test-method> <!-- tc33 -->
      </class> <!-- org.sam.B -->
      <class name="org.sam.A">
        <test-method signature="tc4()[pri:-6, instance:org.sam.A@58326051]" started-at="2024-01-24T10:43:30Z" name="tc4" finished-at="2024-01-24T10:43:30Z" duration-ms="9" status="PASS">
          <reporter-output>
          </reporter-output>
        </test-method> <!-- tc4 -->
        <test-method signature="tc3()[pri:-1, instance:org.sam.A@58326051]" started-at="2024-01-24T10:43:30Z" name="tc3" finished-at="2024-01-24T10:43:30Z" duration-ms="1" status="PASS">
          <reporter-output>
          </reporter-output>
        </test-method> <!-- tc3 -->
        <test-method signature="tc5()[pri:0, instance:org.sam.A@58326051]" started-at="2024-01-24T10:44:06Z" name="tc5" finished-at="2024-01-24T10:44:06Z" duration-ms="2" status="PASS">
          <reporter-output>
          </reporter-output>
        </test-method> <!-- tc5 -->
        <test-method signature="tc6()[pri:0, instance:org.sam.A@58326051]" started-at="2024-01-24T10:44:06Z" name="tc6" finished-at="2024-01-24T10:44:06Z" duration-ms="2" status="PASS">
          <reporter-output>
          </reporter-output>
        </test-method> <!-- tc6 -->
        <test-method signature="tc2()[pri:2, instance:org.sam.A@58326051]" started-at="2024-01-24T10:44:06Z" name="tc2" finished-at="2024-01-24T10:44:06Z" duration-ms="1" status="PASS">
          <reporter-output>
          </reporter-output>
        </test-method> <!-- tc2 -->
        <test-method signature="tc1()[pri:3, instance:org.sam.A@58326051]" started-at="2024-01-24T10:44:06Z" name="tc1" finished-at="2024-01-24T10:44:06Z" duration-ms="1" status="PASS">
          <reporter-output>
          </reporter-output>
        </test-method> <!-- tc1 -->
      </class> <!-- org.sam.A -->
    </test> <!-- Test -->
  </suite> <!-- Suite -->
</testng-results>
